2013/04/16 17:12:36 [error] [exception.CHttpException.400] exception 'CHttpException' with message 'Your request is invalid.' in C:\xampp\htdocs\framework\web\CController.php:336
Stack trace:
#0 C:\xampp\htdocs\framework\web\CController.php(309): CController->invalidActionParams(Object(CInlineAction))
#1 C:\xampp\htdocs\framework\web\CController.php(286): CController->runAction(Object(CInlineAction))
#2 C:\xampp\htdocs\framework\web\CController.php(265): CController->runActionWithFilters(Object(CInlineAction), Array)
#3 C:\xampp\htdocs\framework\web\CWebApplication.php(282): CController->run('')
#4 C:\xampp\htdocs\framework\web\CWebApplication.php(141): CWebApplication->runController('about')
#5 C:\xampp\htdocs\framework\base\CApplication.php(169): CWebApplication->processRequest()
#6 C:\xampp\htdocs\web_gspa\protected\components\WebApplicationEndBehavior.php(26): CApplication->run()
#7 [internal function]: WebApplicationEndBehavior->runEnd('web')
#8 C:\xampp\htdocs\framework\base\CComponent.php(260): call_user_func_array(Array, Array)
#9 C:\xampp\htdocs\web_gspa\index.php(11): CComponent->__call('runEnd', Array)
#10 C:\xampp\htdocs\web_gspa\index.php(11): CWebApplication->runEnd('web')
#11 {main}
REQUEST_URI=/web_gspa/index.php?r=about
HTTP_REFERER=http://localhost/web_gspa/index.php?r=about&id=1
---
2013/04/16 17:13:13 [error] [exception.CHttpException.400] exception 'CHttpException' with message 'Your request is invalid.' in C:\xampp\htdocs\framework\web\CController.php:336
Stack trace:
#0 C:\xampp\htdocs\framework\web\CController.php(309): CController->invalidActionParams(Object(CInlineAction))
#1 C:\xampp\htdocs\framework\web\CController.php(286): CController->runAction(Object(CInlineAction))
#2 C:\xampp\htdocs\framework\web\CController.php(265): CController->runActionWithFilters(Object(CInlineAction), Array)
#3 C:\xampp\htdocs\framework\web\CWebApplication.php(282): CController->run('')
#4 C:\xampp\htdocs\framework\web\CWebApplication.php(141): CWebApplication->runController('about')
#5 C:\xampp\htdocs\framework\base\CApplication.php(169): CWebApplication->processRequest()
#6 C:\xampp\htdocs\web_gspa\protected\components\WebApplicationEndBehavior.php(26): CApplication->run()
#7 [internal function]: WebApplicationEndBehavior->runEnd('web')
#8 C:\xampp\htdocs\framework\base\CComponent.php(260): call_user_func_array(Array, Array)
#9 C:\xampp\htdocs\web_gspa\index.php(11): CComponent->__call('runEnd', Array)
#10 C:\xampp\htdocs\web_gspa\index.php(11): CWebApplication->runEnd('web')
#11 {main}
REQUEST_URI=/web_gspa/index.php?r=about
HTTP_REFERER=http://localhost/web_gspa/index.php?r=about&id=1
---
2013/04/16 17:13:15 [error] [exception.CHttpException.400] exception 'CHttpException' with message 'Your request is invalid.' in C:\xampp\htdocs\framework\web\CController.php:336
Stack trace:
#0 C:\xampp\htdocs\framework\web\CController.php(309): CController->invalidActionParams(Object(CInlineAction))
#1 C:\xampp\htdocs\framework\web\CController.php(286): CController->runAction(Object(CInlineAction))
#2 C:\xampp\htdocs\framework\web\CController.php(265): CController->runActionWithFilters(Object(CInlineAction), Array)
#3 C:\xampp\htdocs\framework\web\CWebApplication.php(282): CController->run('')
#4 C:\xampp\htdocs\framework\web\CWebApplication.php(141): CWebApplication->runController('about')
#5 C:\xampp\htdocs\framework\base\CApplication.php(169): CWebApplication->processRequest()
#6 C:\xampp\htdocs\web_gspa\protected\components\WebApplicationEndBehavior.php(26): CApplication->run()
#7 [internal function]: WebApplicationEndBehavior->runEnd('web')
#8 C:\xampp\htdocs\framework\base\CComponent.php(260): call_user_func_array(Array, Array)
#9 C:\xampp\htdocs\web_gspa\index.php(11): CComponent->__call('runEnd', Array)
#10 C:\xampp\htdocs\web_gspa\index.php(11): CWebApplication->runEnd('web')
#11 {main}
REQUEST_URI=/web_gspa/index.php?r=about
HTTP_REFERER=http://localhost/web_gspa/index.php?r=about&id=1
---
2013/04/16 17:15:31 [error] [exception.CHttpException.400] exception 'CHttpException' with message 'Your request is invalid.' in C:\xampp\htdocs\framework\web\CController.php:336
Stack trace:
#0 C:\xampp\htdocs\framework\web\CController.php(309): CController->invalidActionParams(Object(CInlineAction))
#1 C:\xampp\htdocs\framework\web\CController.php(286): CController->runAction(Object(CInlineAction))
#2 C:\xampp\htdocs\framework\web\CController.php(265): CController->runActionWithFilters(Object(CInlineAction), Array)
#3 C:\xampp\htdocs\framework\web\CWebApplication.php(282): CController->run('')
#4 C:\xampp\htdocs\framework\web\CWebApplication.php(141): CWebApplication->runController('about')
#5 C:\xampp\htdocs\framework\base\CApplication.php(169): CWebApplication->processRequest()
#6 C:\xampp\htdocs\web_gspa\protected\components\WebApplicationEndBehavior.php(26): CApplication->run()
#7 [internal function]: WebApplicationEndBehavior->runEnd('web')
#8 C:\xampp\htdocs\framework\base\CComponent.php(260): call_user_func_array(Array, Array)
#9 C:\xampp\htdocs\web_gspa\index.php(11): CComponent->__call('runEnd', Array)
#10 C:\xampp\htdocs\web_gspa\index.php(11): CWebApplication->runEnd('web')
#11 {main}
REQUEST_URI=/web_gspa/index.php?r=about
HTTP_REFERER=http://localhost/web_gspa/index.php?r=about&id=1
---
2013/04/16 17:15:32 [error] [exception.CHttpException.400] exception 'CHttpException' with message 'Your request is invalid.' in C:\xampp\htdocs\framework\web\CController.php:336
Stack trace:
#0 C:\xampp\htdocs\framework\web\CController.php(309): CController->invalidActionParams(Object(CInlineAction))
#1 C:\xampp\htdocs\framework\web\CController.php(286): CController->runAction(Object(CInlineAction))
#2 C:\xampp\htdocs\framework\web\CController.php(265): CController->runActionWithFilters(Object(CInlineAction), Array)
#3 C:\xampp\htdocs\framework\web\CWebApplication.php(282): CController->run('')
#4 C:\xampp\htdocs\framework\web\CWebApplication.php(141): CWebApplication->runController('about')
#5 C:\xampp\htdocs\framework\base\CApplication.php(169): CWebApplication->processRequest()
#6 C:\xampp\htdocs\web_gspa\protected\components\WebApplicationEndBehavior.php(26): CApplication->run()
#7 [internal function]: WebApplicationEndBehavior->runEnd('web')
#8 C:\xampp\htdocs\framework\base\CComponent.php(260): call_user_func_array(Array, Array)
#9 C:\xampp\htdocs\web_gspa\index.php(11): CComponent->__call('runEnd', Array)
#10 C:\xampp\htdocs\web_gspa\index.php(11): CWebApplication->runEnd('web')
#11 {main}
REQUEST_URI=/web_gspa/index.php?r=about
HTTP_REFERER=http://localhost/web_gspa/index.php?r=about&id=1
---
2013/04/16 17:15:44 [error] [exception.CHttpException.404] exception 'CHttpException' with message 'Unable to resolve the request "admin/page/images/front/quotes_top.jpg".' in C:\xampp\htdocs\framework\web\CWebApplication.php:286
Stack trace:
#0 C:\xampp\htdocs\framework\web\CWebApplication.php(141): CWebApplication->runController('admin/page/imag...')
#1 C:\xampp\htdocs\framework\base\CApplication.php(169): CWebApplication->processRequest()
#2 C:\xampp\htdocs\web_gspa\protected\components\WebApplicationEndBehavior.php(26): CApplication->run()
#3 [internal function]: WebApplicationEndBehavior->runEnd('admin')
#4 C:\xampp\htdocs\framework\base\CComponent.php(260): call_user_func_array(Array, Array)
#5 C:\xampp\htdocs\web_gspa\admin.php(10): CComponent->__call('runEnd', Array)
#6 C:\xampp\htdocs\web_gspa\admin.php(10): CWebApplication->runEnd('admin')
#7 {main}
REQUEST_URI=/web_gspa/admin/page/images/front/quotes_top.jpg
HTTP_REFERER=http://localhost/web_gspa/admin/page/edit?id=1
---
2013/04/16 17:15:44 [error] [exception.CHttpException.404] exception 'CHttpException' with message 'Unable to resolve the request "admin/page/images/front/quotes_bottom.jpg".' in C:\xampp\htdocs\framework\web\CWebApplication.php:286
Stack trace:
#0 C:\xampp\htdocs\framework\web\CWebApplication.php(141): CWebApplication->runController('admin/page/imag...')
#1 C:\xampp\htdocs\framework\base\CApplication.php(169): CWebApplication->processRequest()
#2 C:\xampp\htdocs\web_gspa\protected\components\WebApplicationEndBehavior.php(26): CApplication->run()
#3 [internal function]: WebApplicationEndBehavior->runEnd('admin')
#4 C:\xampp\htdocs\framework\base\CComponent.php(260): call_user_func_array(Array, Array)
#5 C:\xampp\htdocs\web_gspa\admin.php(10): CComponent->__call('runEnd', Array)
#6 C:\xampp\htdocs\web_gspa\admin.php(10): CWebApplication->runEnd('admin')
#7 {main}
REQUEST_URI=/web_gspa/admin/page/images/front/quotes_bottom.jpg
HTTP_REFERER=http://localhost/web_gspa/admin/page/edit?id=1
---
2013/04/16 17:15:44 [error] [exception.CHttpException.404] exception 'CHttpException' with message 'Unable to resolve the request "admin/page/images/front/structure_organize.jpg".' in C:\xampp\htdocs\framework\web\CWebApplication.php:286
Stack trace:
#0 C:\xampp\htdocs\framework\web\CWebApplication.php(141): CWebApplication->runController('admin/page/imag...')
#1 C:\xampp\htdocs\framework\base\CApplication.php(169): CWebApplication->processRequest()
#2 C:\xampp\htdocs\web_gspa\protected\components\WebApplicationEndBehavior.php(26): CApplication->run()
#3 [internal function]: WebApplicationEndBehavior->runEnd('admin')
#4 C:\xampp\htdocs\framework\base\CComponent.php(260): call_user_func_array(Array, Array)
#5 C:\xampp\htdocs\web_gspa\admin.php(10): CComponent->__call('runEnd', Array)
#6 C:\xampp\htdocs\web_gspa\admin.php(10): CWebApplication->runEnd('admin')
#7 {main}
REQUEST_URI=/web_gspa/admin/page/images/front/structure_organize.jpg
HTTP_REFERER=http://localhost/web_gspa/admin/page/edit?id=1
---
2013/04/16 17:15:45 [error] [exception.CHttpException.404] exception 'CHttpException' with message 'Unable to resolve the request "admin/page/images/front/quotes_top.jpg".' in C:\xampp\htdocs\framework\web\CWebApplication.php:286
Stack trace:
#0 C:\xampp\htdocs\framework\web\CWebApplication.php(141): CWebApplication->runController('admin/page/imag...')
#1 C:\xampp\htdocs\framework\base\CApplication.php(169): CWebApplication->processRequest()
#2 C:\xampp\htdocs\web_gspa\protected\components\WebApplicationEndBehavior.php(26): CApplication->run()
#3 [internal function]: WebApplicationEndBehavior->runEnd('admin')
#4 C:\xampp\htdocs\framework\base\CComponent.php(260): call_user_func_array(Array, Array)
#5 C:\xampp\htdocs\web_gspa\admin.php(10): CComponent->__call('runEnd', Array)
#6 C:\xampp\htdocs\web_gspa\admin.php(10): CWebApplication->runEnd('admin')
#7 {main}
REQUEST_URI=/web_gspa/admin/page/images/front/quotes_top.jpg
HTTP_REFERER=http://localhost/web_gspa/admin/page/edit?id=1
---
2013/04/16 17:15:45 [error] [exception.CHttpException.404] exception 'CHttpException' with message 'Unable to resolve the request "admin/page/images/front/quotes_bottom.jpg".' in C:\xampp\htdocs\framework\web\CWebApplication.php:286
Stack trace:
#0 C:\xampp\htdocs\framework\web\CWebApplication.php(141): CWebApplication->runController('admin/page/imag...')
#1 C:\xampp\htdocs\framework\base\CApplication.php(169): CWebApplication->processRequest()
#2 C:\xampp\htdocs\web_gspa\protected\components\WebApplicationEndBehavior.php(26): CApplication->run()
#3 [internal function]: WebApplicationEndBehavior->runEnd('admin')
#4 C:\xampp\htdocs\framework\base\CComponent.php(260): call_user_func_array(Array, Array)
#5 C:\xampp\htdocs\web_gspa\admin.php(10): CComponent->__call('runEnd', Array)
#6 C:\xampp\htdocs\web_gspa\admin.php(10): CWebApplication->runEnd('admin')
#7 {main}
REQUEST_URI=/web_gspa/admin/page/images/front/quotes_bottom.jpg
HTTP_REFERER=http://localhost/web_gspa/admin/page/edit?id=1
---
2013/04/16 17:15:45 [error] [exception.CHttpException.404] exception 'CHttpException' with message 'Unable to resolve the request "admin/page/images/front/structure_organize.jpg".' in C:\xampp\htdocs\framework\web\CWebApplication.php:286
Stack trace:
#0 C:\xampp\htdocs\framework\web\CWebApplication.php(141): CWebApplication->runController('admin/page/imag...')
#1 C:\xampp\htdocs\framework\base\CApplication.php(169): CWebApplication->processRequest()
#2 C:\xampp\htdocs\web_gspa\protected\components\WebApplicationEndBehavior.php(26): CApplication->run()
#3 [internal function]: WebApplicationEndBehavior->runEnd('admin')
#4 C:\xampp\htdocs\framework\base\CComponent.php(260): call_user_func_array(Array, Array)
#5 C:\xampp\htdocs\web_gspa\admin.php(10): CComponent->__call('runEnd', Array)
#6 C:\xampp\htdocs\web_gspa\admin.php(10): CWebApplication->runEnd('admin')
#7 {main}
REQUEST_URI=/web_gspa/admin/page/images/front/structure_organize.jpg
HTTP_REFERER=http://localhost/web_gspa/admin/page/edit?id=1
---
2013/04/16 17:16:14 [error] [exception.CHttpException.404] exception 'CHttpException' with message 'Unable to resolve the request "admin/page/images/front/quotes_top.jpg".' in C:\xampp\htdocs\framework\web\CWebApplication.php:286
Stack trace:
#0 C:\xampp\htdocs\framework\web\CWebApplication.php(141): CWebApplication->runController('admin/page/imag...')
#1 C:\xampp\htdocs\framework\base\CApplication.php(169): CWebApplication->processRequest()
#2 C:\xampp\htdocs\web_gspa\protected\components\WebApplicationEndBehavior.php(26): CApplication->run()
#3 [internal function]: WebApplicationEndBehavior->runEnd('admin')
#4 C:\xampp\htdocs\framework\base\CComponent.php(260): call_user_func_array(Array, Array)
#5 C:\xampp\htdocs\web_gspa\admin.php(10): CComponent->__call('runEnd', Array)
#6 C:\xampp\htdocs\web_gspa\admin.php(10): CWebApplication->runEnd('admin')
#7 {main}
REQUEST_URI=/web_gspa/admin/page/images/front/quotes_top.jpg
HTTP_REFERER=http://localhost/web_gspa/admin/page/edit?id=1
---
2013/04/16 17:16:14 [error] [exception.CHttpException.404] exception 'CHttpException' with message 'Unable to resolve the request "admin/page/images/front/quotes_bottom.jpg".' in C:\xampp\htdocs\framework\web\CWebApplication.php:286
Stack trace:
#0 C:\xampp\htdocs\framework\web\CWebApplication.php(141): CWebApplication->runController('admin/page/imag...')
#1 C:\xampp\htdocs\framework\base\CApplication.php(169): CWebApplication->processRequest()
#2 C:\xampp\htdocs\web_gspa\protected\components\WebApplicationEndBehavior.php(26): CApplication->run()
#3 [internal function]: WebApplicationEndBehavior->runEnd('admin')
#4 C:\xampp\htdocs\framework\base\CComponent.php(260): call_user_func_array(Array, Array)
#5 C:\xampp\htdocs\web_gspa\admin.php(10): CComponent->__call('runEnd', Array)
#6 C:\xampp\htdocs\web_gspa\admin.php(10): CWebApplication->runEnd('admin')
#7 {main}
REQUEST_URI=/web_gspa/admin/page/images/front/quotes_bottom.jpg
HTTP_REFERER=http://localhost/web_gspa/admin/page/edit?id=1
---
2013/04/16 17:16:17 [error] [exception.CHttpException.404] exception 'CHttpException' with message 'Unable to resolve the request "admin/page/images/front/quotes_top.jpg".' in C:\xampp\htdocs\framework\web\CWebApplication.php:286
Stack trace:
#0 C:\xampp\htdocs\framework\web\CWebApplication.php(141): CWebApplication->runController('admin/page/imag...')
#1 C:\xampp\htdocs\framework\base\CApplication.php(169): CWebApplication->processRequest()
#2 C:\xampp\htdocs\web_gspa\protected\components\WebApplicationEndBehavior.php(26): CApplication->run()
#3 [internal function]: WebApplicationEndBehavior->runEnd('admin')
#4 C:\xampp\htdocs\framework\base\CComponent.php(260): call_user_func_array(Array, Array)
#5 C:\xampp\htdocs\web_gspa\admin.php(10): CComponent->__call('runEnd', Array)
#6 C:\xampp\htdocs\web_gspa\admin.php(10): CWebApplication->runEnd('admin')
#7 {main}
REQUEST_URI=/web_gspa/admin/page/images/front/quotes_top.jpg
HTTP_REFERER=http://localhost/web_gspa/admin/page/edit?id=1
---
2013/04/16 17:16:17 [error] [exception.CHttpException.404] exception 'CHttpException' with message 'Unable to resolve the request "admin/page/images/front/quotes_bottom.jpg".' in C:\xampp\htdocs\framework\web\CWebApplication.php:286
Stack trace:
#0 C:\xampp\htdocs\framework\web\CWebApplication.php(141): CWebApplication->runController('admin/page/imag...')
#1 C:\xampp\htdocs\framework\base\CApplication.php(169): CWebApplication->processRequest()
#2 C:\xampp\htdocs\web_gspa\protected\components\WebApplicationEndBehavior.php(26): CApplication->run()
#3 [internal function]: WebApplicationEndBehavior->runEnd('admin')
#4 C:\xampp\htdocs\framework\base\CComponent.php(260): call_user_func_array(Array, Array)
#5 C:\xampp\htdocs\web_gspa\admin.php(10): CComponent->__call('runEnd', Array)
#6 C:\xampp\htdocs\web_gspa\admin.php(10): CWebApplication->runEnd('admin')
#7 {main}
REQUEST_URI=/web_gspa/admin/page/images/front/quotes_bottom.jpg
HTTP_REFERER=http://localhost/web_gspa/admin/page/edit?id=1
---
2013/04/16 17:16:17 [error] [exception.CHttpException.404] exception 'CHttpException' with message 'Unable to resolve the request "admin/page/images/front/quotes_top.jpg".' in C:\xampp\htdocs\framework\web\CWebApplication.php:286
Stack trace:
#0 C:\xampp\htdocs\framework\web\CWebApplication.php(141): CWebApplication->runController('admin/page/imag...')
#1 C:\xampp\htdocs\framework\base\CApplication.php(169): CWebApplication->processRequest()
#2 C:\xampp\htdocs\web_gspa\protected\components\WebApplicationEndBehavior.php(26): CApplication->run()
#3 [internal function]: WebApplicationEndBehavior->runEnd('admin')
#4 C:\xampp\htdocs\framework\base\CComponent.php(260): call_user_func_array(Array, Array)
#5 C:\xampp\htdocs\web_gspa\admin.php(10): CComponent->__call('runEnd', Array)
#6 C:\xampp\htdocs\web_gspa\admin.php(10): CWebApplication->runEnd('admin')
#7 {main}
REQUEST_URI=/web_gspa/admin/page/images/front/quotes_top.jpg
HTTP_REFERER=http://localhost/web_gspa/admin/page/edit?id=1
---
2013/04/16 17:16:17 [error] [exception.CHttpException.404] exception 'CHttpException' with message 'Unable to resolve the request "admin/page/images/front/quotes_bottom.jpg".' in C:\xampp\htdocs\framework\web\CWebApplication.php:286
Stack trace:
#0 C:\xampp\htdocs\framework\web\CWebApplication.php(141): CWebApplication->runController('admin/page/imag...')
#1 C:\xampp\htdocs\framework\base\CApplication.php(169): CWebApplication->processRequest()
#2 C:\xampp\htdocs\web_gspa\protected\components\WebApplicationEndBehavior.php(26): CApplication->run()
#3 [internal function]: WebApplicationEndBehavior->runEnd('admin')
#4 C:\xampp\htdocs\framework\base\CComponent.php(260): call_user_func_array(Array, Array)
#5 C:\xampp\htdocs\web_gspa\admin.php(10): CComponent->__call('runEnd', Array)
#6 C:\xampp\htdocs\web_gspa\admin.php(10): CWebApplication->runEnd('admin')
#7 {main}
REQUEST_URI=/web_gspa/admin/page/images/front/quotes_bottom.jpg
HTTP_REFERER=http://localhost/web_gspa/admin/page/edit?id=1
---
2013/04/16 17:16:28 [error] [exception.CHttpException.404] exception 'CHttpException' with message 'Unable to resolve the request "admin/page/images/front/board.jpg".' in C:\xampp\htdocs\framework\web\CWebApplication.php:286
Stack trace:
#0 C:\xampp\htdocs\framework\web\CWebApplication.php(141): CWebApplication->runController('admin/page/imag...')
#1 C:\xampp\htdocs\framework\base\CApplication.php(169): CWebApplication->processRequest()
#2 C:\xampp\htdocs\web_gspa\protected\components\WebApplicationEndBehavior.php(26): CApplication->run()
#3 [internal function]: WebApplicationEndBehavior->runEnd('admin')
#4 C:\xampp\htdocs\framework\base\CComponent.php(260): call_user_func_array(Array, Array)
#5 C:\xampp\htdocs\web_gspa\admin.php(10): CComponent->__call('runEnd', Array)
#6 C:\xampp\htdocs\web_gspa\admin.php(10): CWebApplication->runEnd('admin')
#7 {main}
REQUEST_URI=/web_gspa/admin/page/images/front/board.jpg
HTTP_REFERER=http://localhost/web_gspa/admin/page/edit?id=2
---
2013/04/16 17:16:28 [error] [exception.CHttpException.404] exception 'CHttpException' with message 'Unable to resolve the request "admin/page/images/front/board.jpg".' in C:\xampp\htdocs\framework\web\CWebApplication.php:286
Stack trace:
#0 C:\xampp\htdocs\framework\web\CWebApplication.php(141): CWebApplication->runController('admin/page/imag...')
#1 C:\xampp\htdocs\framework\base\CApplication.php(169): CWebApplication->processRequest()
#2 C:\xampp\htdocs\web_gspa\protected\components\WebApplicationEndBehavior.php(26): CApplication->run()
#3 [internal function]: WebApplicationEndBehavior->runEnd('admin')
#4 C:\xampp\htdocs\framework\base\CComponent.php(260): call_user_func_array(Array, Array)
#5 C:\xampp\htdocs\web_gspa\admin.php(10): CComponent->__call('runEnd', Array)
#6 C:\xampp\htdocs\web_gspa\admin.php(10): CWebApplication->runEnd('admin')
#7 {main}
REQUEST_URI=/web_gspa/admin/page/images/front/board.jpg
HTTP_REFERER=http://localhost/web_gspa/admin/page/edit?id=2
---
2013/04/16 17:50:20 [error] [exception.CHttpException.404] exception 'CHttpException' with message 'Unable to resolve the request "admin/page/images/front/quotes_top.jpg".' in C:\AppServ\www\framework\web\CWebApplication.php:286
Stack trace:
#0 C:\AppServ\www\framework\web\CWebApplication.php(141): CWebApplication->runController('admin/page/imag...')
#1 C:\AppServ\www\framework\base\CApplication.php(169): CWebApplication->processRequest()
#2 C:\AppServ\www\web_gspa\protected\components\WebApplicationEndBehavior.php(26): CApplication->run()
#3 C:\AppServ\www\framework\base\CComponent.php(260): WebApplicationEndBehavior->runEnd('admin')
#4 [internal function]: CComponent->__call(Array, Array)
#5 C:\AppServ\www\web_gspa\admin.php(10): CWebApplication->runEnd('runEnd', Array)
#6 {main}
REQUEST_URI=/web_gspa/admin/page/images/front/quotes_top.jpg
HTTP_REFERER=http://localhost/web_gspa/admin/page/edit?id=1
---
2013/04/16 17:50:20 [error] [exception.CHttpException.404] exception 'CHttpException' with message 'Unable to resolve the request "admin/page/images/front/quotes_bottom.jpg".' in C:\AppServ\www\framework\web\CWebApplication.php:286
Stack trace:
#0 C:\AppServ\www\framework\web\CWebApplication.php(141): CWebApplication->runController('admin/page/imag...')
#1 C:\AppServ\www\framework\base\CApplication.php(169): CWebApplication->processRequest()
#2 C:\AppServ\www\web_gspa\protected\components\WebApplicationEndBehavior.php(26): CApplication->run()
#3 C:\AppServ\www\framework\base\CComponent.php(260): WebApplicationEndBehavior->runEnd('admin')
#4 [internal function]: CComponent->__call(Array, Array)
#5 C:\AppServ\www\web_gspa\admin.php(10): CWebApplication->runEnd('runEnd', Array)
#6 {main}
REQUEST_URI=/web_gspa/admin/page/images/front/quotes_bottom.jpg
HTTP_REFERER=http://localhost/web_gspa/admin/page/edit?id=1
---
2013/04/16 17:50:20 [error] [exception.CHttpException.404] exception 'CHttpException' with message 'Unable to resolve the request "admin/page/images/front/quotes_top.jpg".' in C:\AppServ\www\framework\web\CWebApplication.php:286
Stack trace:
#0 C:\AppServ\www\framework\web\CWebApplication.php(141): CWebApplication->runController('admin/page/imag...')
#1 C:\AppServ\www\framework\base\CApplication.php(169): CWebApplication->processRequest()
#2 C:\AppServ\www\web_gspa\protected\components\WebApplicationEndBehavior.php(26): CApplication->run()
#3 C:\AppServ\www\framework\base\CComponent.php(260): WebApplicationEndBehavior->runEnd('admin')
#4 [internal function]: CComponent->__call(Array, Array)
#5 C:\AppServ\www\web_gspa\admin.php(10): CWebApplication->runEnd('runEnd', Array)
#6 {main}
REQUEST_URI=/web_gspa/admin/page/images/front/quotes_top.jpg
HTTP_REFERER=http://localhost/web_gspa/admin/page/edit?id=1
---
2013/04/16 17:50:20 [error] [exception.CHttpException.404] exception 'CHttpException' with message 'Unable to resolve the request "admin/page/images/front/quotes_bottom.jpg".' in C:\AppServ\www\framework\web\CWebApplication.php:286
Stack trace:
#0 C:\AppServ\www\framework\web\CWebApplication.php(141): CWebApplication->runController('admin/page/imag...')
#1 C:\AppServ\www\framework\base\CApplication.php(169): CWebApplication->processRequest()
#2 C:\AppServ\www\web_gspa\protected\components\WebApplicationEndBehavior.php(26): CApplication->run()
#3 C:\AppServ\www\framework\base\CComponent.php(260): WebApplicationEndBehavior->runEnd('admin')
#4 [internal function]: CComponent->__call(Array, Array)
#5 C:\AppServ\www\web_gspa\admin.php(10): CWebApplication->runEnd('runEnd', Array)
#6 {main}
REQUEST_URI=/web_gspa/admin/page/images/front/quotes_bottom.jpg
HTTP_REFERER=http://localhost/web_gspa/admin/page/edit?id=1
---
2013/04/17 15:01:21 [error] [exception.CHttpException.404] exception 'CHttpException' with message 'Unable to resolve the request "admin/page/images/front/quotes_top.jpg".' in C:\AppServ\www\framework\web\CWebApplication.php:286
Stack trace:
#0 C:\AppServ\www\framework\web\CWebApplication.php(141): CWebApplication->runController('admin/page/imag...')
#1 C:\AppServ\www\framework\base\CApplication.php(169): CWebApplication->processRequest()
#2 C:\AppServ\www\web_gspa\protected\components\WebApplicationEndBehavior.php(26): CApplication->run()
#3 C:\AppServ\www\framework\base\CComponent.php(260): WebApplicationEndBehavior->runEnd('admin')
#4 [internal function]: CComponent->__call(Array, Array)
#5 C:\AppServ\www\web_gspa\admin.php(10): CWebApplication->runEnd('runEnd', Array)
#6 {main}
REQUEST_URI=/web_gspa/admin/page/images/front/quotes_top.jpg
HTTP_REFERER=http://localhost/web_gspa/admin/page/edit?id=1
---
2013/04/17 15:01:21 [error] [exception.CHttpException.404] exception 'CHttpException' with message 'Unable to resolve the request "admin/page/images/front/quotes_bottom.jpg".' in C:\AppServ\www\framework\web\CWebApplication.php:286
Stack trace:
#0 C:\AppServ\www\framework\web\CWebApplication.php(141): CWebApplication->runController('admin/page/imag...')
#1 C:\AppServ\www\framework\base\CApplication.php(169): CWebApplication->processRequest()
#2 C:\AppServ\www\web_gspa\protected\components\WebApplicationEndBehavior.php(26): CApplication->run()
#3 C:\AppServ\www\framework\base\CComponent.php(260): WebApplicationEndBehavior->runEnd('admin')
#4 [internal function]: CComponent->__call(Array, Array)
#5 C:\AppServ\www\web_gspa\admin.php(10): CWebApplication->runEnd('runEnd', Array)
#6 {main}
REQUEST_URI=/web_gspa/admin/page/images/front/quotes_bottom.jpg
HTTP_REFERER=http://localhost/web_gspa/admin/page/edit?id=1
---
2013/04/17 15:01:21 [error] [exception.CHttpException.404] exception 'CHttpException' with message 'Unable to resolve the request "admin/page/images/front/quotes_top.jpg".' in C:\AppServ\www\framework\web\CWebApplication.php:286
Stack trace:
#0 C:\AppServ\www\framework\web\CWebApplication.php(141): CWebApplication->runController('admin/page/imag...')
#1 C:\AppServ\www\framework\base\CApplication.php(169): CWebApplication->processRequest()
#2 C:\AppServ\www\web_gspa\protected\components\WebApplicationEndBehavior.php(26): CApplication->run()
#3 C:\AppServ\www\framework\base\CComponent.php(260): WebApplicationEndBehavior->runEnd('admin')
#4 [internal function]: CComponent->__call(Array, Array)
#5 C:\AppServ\www\web_gspa\admin.php(10): CWebApplication->runEnd('runEnd', Array)
#6 {main}
REQUEST_URI=/web_gspa/admin/page/images/front/quotes_top.jpg
HTTP_REFERER=http://localhost/web_gspa/admin/page/edit?id=1
---
2013/04/17 15:01:21 [error] [exception.CHttpException.404] exception 'CHttpException' with message 'Unable to resolve the request "admin/page/images/front/quotes_bottom.jpg".' in C:\AppServ\www\framework\web\CWebApplication.php:286
Stack trace:
#0 C:\AppServ\www\framework\web\CWebApplication.php(141): CWebApplication->runController('admin/page/imag...')
#1 C:\AppServ\www\framework\base\CApplication.php(169): CWebApplication->processRequest()
#2 C:\AppServ\www\web_gspa\protected\components\WebApplicationEndBehavior.php(26): CApplication->run()
#3 C:\AppServ\www\framework\base\CComponent.php(260): WebApplicationEndBehavior->runEnd('admin')
#4 [internal function]: CComponent->__call(Array, Array)
#5 C:\AppServ\www\web_gspa\admin.php(10): CWebApplication->runEnd('runEnd', Array)
#6 {main}
REQUEST_URI=/web_gspa/admin/page/images/front/quotes_bottom.jpg
HTTP_REFERER=http://localhost/web_gspa/admin/page/edit?id=1
---
2013/04/17 16:36:31 [error] [exception.CHttpException.404] exception 'CHttpException' with message 'Unable to resolve the request "admin/page/images/front/quotes_top.jpg".' in C:\AppServ\www\framework\web\CWebApplication.php:286
Stack trace:
#0 C:\AppServ\www\framework\web\CWebApplication.php(141): CWebApplication->runController('admin/page/imag...')
#1 C:\AppServ\www\framework\base\CApplication.php(169): CWebApplication->processRequest()
#2 C:\AppServ\www\web_gspa\protected\components\WebApplicationEndBehavior.php(26): CApplication->run()
#3 C:\AppServ\www\framework\base\CComponent.php(260): WebApplicationEndBehavior->runEnd('admin')
#4 [internal function]: CComponent->__call(Array, Array)
#5 C:\AppServ\www\web_gspa\admin.php(10): CWebApplication->runEnd('runEnd', Array)
#6 {main}
REQUEST_URI=/web_gspa/admin/page/images/front/quotes_top.jpg
HTTP_REFERER=http://localhost/web_gspa/admin/page/edit?id=1
---
2013/04/17 16:36:31 [error] [exception.CHttpException.404] exception 'CHttpException' with message 'Unable to resolve the request "admin/page/images/front/quotes_bottom.jpg".' in C:\AppServ\www\framework\web\CWebApplication.php:286
Stack trace:
#0 C:\AppServ\www\framework\web\CWebApplication.php(141): CWebApplication->runController('admin/page/imag...')
#1 C:\AppServ\www\framework\base\CApplication.php(169): CWebApplication->processRequest()
#2 C:\AppServ\www\web_gspa\protected\components\WebApplicationEndBehavior.php(26): CApplication->run()
#3 C:\AppServ\www\framework\base\CComponent.php(260): WebApplicationEndBehavior->runEnd('admin')
#4 [internal function]: CComponent->__call(Array, Array)
#5 C:\AppServ\www\web_gspa\admin.php(10): CWebApplication->runEnd('runEnd', Array)
#6 {main}
REQUEST_URI=/web_gspa/admin/page/images/front/quotes_bottom.jpg
HTTP_REFERER=http://localhost/web_gspa/admin/page/edit?id=1
---
2013/04/17 16:36:32 [error] [exception.CHttpException.404] exception 'CHttpException' with message 'Unable to resolve the request "admin/page/images/front/quotes_top.jpg".' in C:\AppServ\www\framework\web\CWebApplication.php:286
Stack trace:
#0 C:\AppServ\www\framework\web\CWebApplication.php(141): CWebApplication->runController('admin/page/imag...')
#1 C:\AppServ\www\framework\base\CApplication.php(169): CWebApplication->processRequest()
#2 C:\AppServ\www\web_gspa\protected\components\WebApplicationEndBehavior.php(26): CApplication->run()
#3 C:\AppServ\www\framework\base\CComponent.php(260): WebApplicationEndBehavior->runEnd('admin')
#4 [internal function]: CComponent->__call(Array, Array)
#5 C:\AppServ\www\web_gspa\admin.php(10): CWebApplication->runEnd('runEnd', Array)
#6 {main}
REQUEST_URI=/web_gspa/admin/page/images/front/quotes_top.jpg
HTTP_REFERER=http://localhost/web_gspa/admin/page/edit?id=1
---
2013/04/17 16:36:32 [error] [exception.CHttpException.404] exception 'CHttpException' with message 'Unable to resolve the request "admin/page/images/front/quotes_bottom.jpg".' in C:\AppServ\www\framework\web\CWebApplication.php:286
Stack trace:
#0 C:\AppServ\www\framework\web\CWebApplication.php(141): CWebApplication->runController('admin/page/imag...')
#1 C:\AppServ\www\framework\base\CApplication.php(169): CWebApplication->processRequest()
#2 C:\AppServ\www\web_gspa\protected\components\WebApplicationEndBehavior.php(26): CApplication->run()
#3 C:\AppServ\www\framework\base\CComponent.php(260): WebApplicationEndBehavior->runEnd('admin')
#4 [internal function]: CComponent->__call(Array, Array)
#5 C:\AppServ\www\web_gspa\admin.php(10): CWebApplication->runEnd('runEnd', Array)
#6 {main}
REQUEST_URI=/web_gspa/admin/page/images/front/quotes_bottom.jpg
HTTP_REFERER=http://localhost/web_gspa/admin/page/edit?id=1
---
